九月 14, 2020 12:00:06 上午 io.github.yedaxia.apidocs.LogUtils info
信息: info: find java src paths:  [/Users/guagua/program/java/swaggerdemo/src/main/java/]
九月 14, 2020 12:00:06 上午 io.github.yedaxia.apidocs.LogUtils info
信息: info: project type not set, try to figure out...
九月 14, 2020 12:00:06 上午 io.github.yedaxia.apidocs.LogUtils info
信息: info: start find controllers in path : /Users/guagua/program/java/swaggerdemo/src/main/java/
九月 14, 2020 12:00:06 上午 io.github.yedaxia.apidocs.LogUtils info
信息: info: find controller file : AdminController.java
九月 14, 2020 12:00:06 上午 io.github.yedaxia.apidocs.LogUtils info
信息: info: find controller file : LoginController.java
九月 14, 2020 12:00:06 上午 io.github.yedaxia.apidocs.LogUtils info
信息: info: start to parse controller file : AdminController.java
九月 14, 2020 12:00:06 上午 io.github.yedaxia.apidocs.LogUtils info
信息: info: success to parse controller file : AdminController.java
九月 14, 2020 12:00:06 上午 io.github.yedaxia.apidocs.LogUtils info
信息: info: start to parse controller file : LoginController.java
九月 14, 2020 12:00:06 上午 io.github.yedaxia.apidocs.LogUtils info
信息: info: success to parse controller file : LoginController.java
九月 14, 2020 12:00:06 上午 io.github.yedaxia.apidocs.LogUtils info
信息: info: generate api docs start...
九月 14, 2020 12:00:06 上午 io.github.yedaxia.apidocs.LogUtils info
信息: info: start to generate docs for controller file : /Users/guagua/program/java/swaggerdemo/src/main/java/com/zfon/swaggerdemo/controller/AdminController.java
九月 14, 2020 12:00:07 上午 io.github.yedaxia.apidocs.LogUtils info
信息: info: success to generate docs for controller file : /Users/guagua/program/java/swaggerdemo/src/main/java/com/zfon/swaggerdemo/controller/AdminController.java
九月 14, 2020 12:00:07 上午 io.github.yedaxia.apidocs.LogUtils info
信息: info: start to generate docs for controller file : /Users/guagua/program/java/swaggerdemo/src/main/java/com/zfon/swaggerdemo/controller/LoginController.java
九月 14, 2020 12:00:07 上午 io.github.yedaxia.apidocs.LogUtils info
信息: info: success to generate docs for controller file : /Users/guagua/program/java/swaggerdemo/src/main/java/com/zfon/swaggerdemo/controller/LoginController.java
九月 14, 2020 12:00:07 上午 io.github.yedaxia.apidocs.LogUtils info
信息: info: generate index start !!!
九月 14, 2020 12:00:07 上午 io.github.yedaxia.apidocs.LogUtils info
信息: info: generate index done !!!
九月 14, 2020 12:00:07 上午 io.github.yedaxia.apidocs.LogUtils info
信息: info: generate api docs done !!!
